-------------------------------------------------------------------------------
Test set: com.cognizant.springlearn.SpringLearnApplicationTests
-------------------------------------------------------------------------------
Tests run: 2, Failures: 1, Errors: 0, Skipped: 0, Time elapsed: 10.096 s <<< FAILURE! - in com.cognizant.springlearn.SpringLearnApplicationTests
testGetCountry  Time elapsed: 0.374 s  <<< FAILURE!
java.lang.AssertionError: Status expected:<400> but was:<200>
	at com.cognizant.springlearn.SpringLearnApplicationTests.testGetCountry(SpringLearnApplicationTests.java:35)

